<?xml version="1.0" encoding="UTF-8"?><testrun name="TransferMethodTest_ProjectPart2_6" project="sise-sibs" tests="6" started="6" failures="0" errors="1" ignored="0">
  <testsuite name="pt.ulisboa.tecnico.learnjava.sibs.sibs.TransferMethodTest_ProjectPart2_6" time="0.012">
    <testcase name="Withdrawn" classname="pt.ulisboa.tecnico.learnjava.sibs.sibs.TransferMethodTest_ProjectPart2_6" time="0.007"/>
    <testcase name="Canceled" classname="pt.ulisboa.tecnico.learnjava.sibs.sibs.TransferMethodTest_ProjectPart2_6" time="0.0"/>
    <testcase name="Error" classname="pt.ulisboa.tecnico.learnjava.sibs.sibs.TransferMethodTest_ProjectPart2_6" time="0.004">
      <error>java.lang.Exception: Unexpected exception, expected&lt;pt.ulisboa.tecnico.learnjava.sibs.domain.SError&gt; but was&lt;java.lang.AssertionError&gt;&#13;
	at org.junit.internal.runners.statements.ExpectException.evaluate(ExpectException.java:28)&#13;
	at org.junit.internal.runners.statements.RunBefores.evaluate(RunBefores.java:26)&#13;
	at org.junit.internal.runners.statements.RunAfters.evaluate(RunAfters.java:27)&#13;
	at org.junit.runners.ParentRunner.runLeaf(ParentRunner.java:325)&#13;
	at org.junit.runners.BlockJUnit4ClassRunner.runChild(BlockJUnit4ClassRunner.java:78)&#13;
	at org.junit.runners.BlockJUnit4ClassRunner.runChild(BlockJUnit4ClassRunner.java:57)&#13;
	at org.junit.runners.ParentRunner$3.run(ParentRunner.java:290)&#13;
	at org.junit.runners.ParentRunner$1.schedule(ParentRunner.java:71)&#13;
	at org.junit.runners.ParentRunner.runChildren(ParentRunner.java:288)&#13;
	at org.junit.runners.ParentRunner.access$000(ParentRunner.java:58)&#13;
	at org.junit.runners.ParentRunner$2.evaluate(ParentRunner.java:268)&#13;
	at org.junit.runners.ParentRunner.run(ParentRunner.java:363)&#13;
	at org.eclipse.jdt.internal.junit4.runner.JUnit4TestReference.run(JUnit4TestReference.java:89)&#13;
	at org.eclipse.jdt.internal.junit.runner.TestExecution.run(TestExecution.java:41)&#13;
	at org.eclipse.jdt.internal.junit.runner.RemoteTestRunner.runTests(RemoteTestRunner.java:541)&#13;
	at org.eclipse.jdt.internal.junit.runner.RemoteTestRunner.runTests(RemoteTestRunner.java:763)&#13;
	at org.eclipse.jdt.internal.junit.runner.RemoteTestRunner.run(RemoteTestRunner.java:463)&#13;
	at org.eclipse.jdt.internal.junit.runner.RemoteTestRunner.main(RemoteTestRunner.java:209)&#13;
Caused by: java.lang.AssertionError: expected:&lt;class pt.ulisboa.tecnico.learnjava.sibs.domain.SError&gt; but was:&lt;class pt.ulisboa.tecnico.learnjava.sibs.domain.SWithdrawn&gt;&#13;
	at org.junit.Assert.fail(Assert.java:88)&#13;
	at org.junit.Assert.failNotEquals(Assert.java:834)&#13;
	at org.junit.Assert.assertEquals(Assert.java:118)&#13;
	at org.junit.Assert.assertEquals(Assert.java:144)&#13;
	at pt.ulisboa.tecnico.learnjava.sibs/pt.ulisboa.tecnico.learnjava.sibs.sibs.TransferMethodTest_ProjectPart2_6.Error(TransferMethodTest_ProjectPart2_6.java:140)&#13;
	at java.base/jdk.internal.reflect.NativeMethodAccessorImpl.invoke0(Native Method)&#13;
	at java.base/jdk.internal.reflect.NativeMethodAccessorImpl.invoke(NativeMethodAccessorImpl.java:62)&#13;
	at java.base/jdk.internal.reflect.DelegatingMethodAccessorImpl.invoke(DelegatingMethodAccessorImpl.java:43)&#13;
	at java.base/java.lang.reflect.Method.invoke(Method.java:567)&#13;
	at org.junit.runners.model.FrameworkMethod$1.runReflectiveCall(FrameworkMethod.java:50)&#13;
	at org.junit.internal.runners.model.ReflectiveCallable.run(ReflectiveCallable.java:12)&#13;
	at org.junit.runners.model.FrameworkMethod.invokeExplosively(FrameworkMethod.java:47)&#13;
	at org.junit.internal.runners.statements.InvokeMethod.evaluate(InvokeMethod.java:17)&#13;
	at org.junit.internal.runners.statements.ExpectException.evaluate(ExpectException.java:19)&#13;
	... 17 more&#13;
&#13;
</error>
    </testcase>
    <testcase name="Registered" classname="pt.ulisboa.tecnico.learnjava.sibs.sibs.TransferMethodTest_ProjectPart2_6" time="0.0"/>
    <testcase name="Completed" classname="pt.ulisboa.tecnico.learnjava.sibs.sibs.TransferMethodTest_ProjectPart2_6" time="0.0"/>
    <testcase name="Deposited" classname="pt.ulisboa.tecnico.learnjava.sibs.sibs.TransferMethodTest_ProjectPart2_6" time="0.0"/>
  </testsuite>
</testrun>
