<?xml version="1.0" encoding="UTF-8"?><testrun name="TransferMethodTest_ProjectPart2_1_2_6_7" project="sise-sibs" tests="17" started="17" failures="0" errors="17" ignored="0">
  <testsuite name="pt.ulisboa.tecnico.learnjava.sibs.sibs.TransferMethodTest_ProjectPart2_1_2_6_7" time="0.019">
    <testcase name="CanceledFinalState" classname="pt.ulisboa.tecnico.learnjava.sibs.sibs.TransferMethodTest_ProjectPart2_1_2_6_7" time="0.004">
      <error>java.lang.Error: Unresolved compilation problem: 
	The method getAge() is undefined for the type Client
&#13;
	at pt.ulisboa.tecnico.learnjava.bank/pt.ulisboa.tecnico.learnjava.bank.domain.Account.checkClientAge(Account.java:35)&#13;
	at pt.ulisboa.tecnico.learnjava.bank/pt.ulisboa.tecnico.learnjava.bank.domain.Account.&lt;init&gt;(Account.java:23)&#13;
	at pt.ulisboa.tecnico.learnjava.bank/pt.ulisboa.tecnico.learnjava.bank.domain.CheckingAccount.&lt;init&gt;(CheckingAccount.java:10)&#13;
	at pt.ulisboa.tecnico.learnjava.bank/pt.ulisboa.tecnico.learnjava.bank.domain.Bank.createAccount(Bank.java:78)&#13;
	at pt.ulisboa.tecnico.learnjava.sibs/pt.ulisboa.tecnico.learnjava.sibs.sibs.TransferMethodTest_ProjectPart2_1_2_6_7.CanceledFinalState(TransferMethodTest_ProjectPart2_1_2_6_7.java:222)&#13;
	at java.base/jdk.internal.reflect.NativeMethodAccessorImpl.invoke0(Native Method)&#13;
	at java.base/jdk.internal.reflect.NativeMethodAccessorImpl.invoke(NativeMethodAccessorImpl.java:62)&#13;
	at java.base/jdk.internal.reflect.DelegatingMethodAccessorImpl.invoke(DelegatingMethodAccessorImpl.java:43)&#13;
	at java.base/java.lang.reflect.Method.invoke(Method.java:567)&#13;
	at org.junit.runners.model.FrameworkMethod$1.runReflectiveCall(FrameworkMethod.java:50)&#13;
	at org.junit.internal.runners.model.ReflectiveCallable.run(ReflectiveCallable.java:12)&#13;
	at org.junit.runners.model.FrameworkMethod.invokeExplosively(FrameworkMethod.java:47)&#13;
	at org.junit.internal.runners.statements.InvokeMethod.evaluate(InvokeMethod.java:17)&#13;
	at org.junit.internal.runners.statements.RunBefores.evaluate(RunBefores.java:26)&#13;
	at org.junit.internal.runners.statements.RunAfters.evaluate(RunAfters.java:27)&#13;
	at org.junit.runners.ParentRunner.runLeaf(ParentRunner.java:325)&#13;
	at org.junit.runners.BlockJUnit4ClassRunner.runChild(BlockJUnit4ClassRunner.java:78)&#13;
	at org.junit.runners.BlockJUnit4ClassRunner.runChild(BlockJUnit4ClassRunner.java:57)&#13;
	at org.junit.runners.ParentRunner$3.run(ParentRunner.java:290)&#13;
	at org.junit.runners.ParentRunner$1.schedule(ParentRunner.java:71)&#13;
	at org.junit.runners.ParentRunner.runChildren(ParentRunner.java:288)&#13;
	at org.junit.runners.ParentRunner.access$000(ParentRunner.java:58)&#13;
	at org.junit.runners.ParentRunner$2.evaluate(ParentRunner.java:268)&#13;
	at org.junit.runners.ParentRunner.run(ParentRunner.java:363)&#13;
	at org.eclipse.jdt.internal.junit4.runner.JUnit4TestReference.run(JUnit4TestReference.java:89)&#13;
	at org.eclipse.jdt.internal.junit.runner.TestExecution.run(TestExecution.java:41)&#13;
	at org.eclipse.jdt.internal.junit.runner.RemoteTestRunner.runTests(RemoteTestRunner.java:541)&#13;
	at org.eclipse.jdt.internal.junit.runner.RemoteTestRunner.runTests(RemoteTestRunner.java:763)&#13;
	at org.eclipse.jdt.internal.junit.runner.RemoteTestRunner.run(RemoteTestRunner.java:463)&#13;
	at org.eclipse.jdt.internal.junit.runner.RemoteTestRunner.main(RemoteTestRunner.java:209)&#13;
&#13;
</error>
    </testcase>
    <testcase name="withdrawnSameBanksToError" classname="pt.ulisboa.tecnico.learnjava.sibs.sibs.TransferMethodTest_ProjectPart2_1_2_6_7" time="0.0">
      <error>java.lang.Error: Unresolved compilation problem: 
	The method getAge() is undefined for the type Client
&#13;
	at pt.ulisboa.tecnico.learnjava.bank/pt.ulisboa.tecnico.learnjava.bank.domain.Account.checkClientAge(Account.java:35)&#13;
	at pt.ulisboa.tecnico.learnjava.bank/pt.ulisboa.tecnico.learnjava.bank.domain.Account.&lt;init&gt;(Account.java:23)&#13;
	at pt.ulisboa.tecnico.learnjava.bank/pt.ulisboa.tecnico.learnjava.bank.domain.CheckingAccount.&lt;init&gt;(CheckingAccount.java:10)&#13;
	at pt.ulisboa.tecnico.learnjava.bank/pt.ulisboa.tecnico.learnjava.bank.domain.Bank.createAccount(Bank.java:78)&#13;
	at pt.ulisboa.tecnico.learnjava.sibs/pt.ulisboa.tecnico.learnjava.sibs.sibs.TransferMethodTest_ProjectPart2_1_2_6_7.withdrawnSameBanksToError(TransferMethodTest_ProjectPart2_1_2_6_7.java:283)&#13;
	at java.base/jdk.internal.reflect.NativeMethodAccessorImpl.invoke0(Native Method)&#13;
	at java.base/jdk.internal.reflect.NativeMethodAccessorImpl.invoke(NativeMethodAccessorImpl.java:62)&#13;
	at java.base/jdk.internal.reflect.DelegatingMethodAccessorImpl.invoke(DelegatingMethodAccessorImpl.java:43)&#13;
	at java.base/java.lang.reflect.Method.invoke(Method.java:567)&#13;
	at org.junit.runners.model.FrameworkMethod$1.runReflectiveCall(FrameworkMethod.java:50)&#13;
	at org.junit.internal.runners.model.ReflectiveCallable.run(ReflectiveCallable.java:12)&#13;
	at org.junit.runners.model.FrameworkMethod.invokeExplosively(FrameworkMethod.java:47)&#13;
	at org.junit.internal.runners.statements.InvokeMethod.evaluate(InvokeMethod.java:17)&#13;
	at org.junit.internal.runners.statements.RunBefores.evaluate(RunBefores.java:26)&#13;
	at org.junit.internal.runners.statements.RunAfters.evaluate(RunAfters.java:27)&#13;
	at org.junit.runners.ParentRunner.runLeaf(ParentRunner.java:325)&#13;
	at org.junit.runners.BlockJUnit4ClassRunner.runChild(BlockJUnit4ClassRunner.java:78)&#13;
	at org.junit.runners.BlockJUnit4ClassRunner.runChild(BlockJUnit4ClassRunner.java:57)&#13;
	at org.junit.runners.ParentRunner$3.run(ParentRunner.java:290)&#13;
	at org.junit.runners.ParentRunner$1.schedule(ParentRunner.java:71)&#13;
	at org.junit.runners.ParentRunner.runChildren(ParentRunner.java:288)&#13;
	at org.junit.runners.ParentRunner.access$000(ParentRunner.java:58)&#13;
	at org.junit.runners.ParentRunner$2.evaluate(ParentRunner.java:268)&#13;
	at org.junit.runners.ParentRunner.run(ParentRunner.java:363)&#13;
	at org.eclipse.jdt.internal.junit4.runner.JUnit4TestReference.run(JUnit4TestReference.java:89)&#13;
	at org.eclipse.jdt.internal.junit.runner.TestExecution.run(TestExecution.java:41)&#13;
	at org.eclipse.jdt.internal.junit.runner.RemoteTestRunner.runTests(RemoteTestRunner.java:541)&#13;
	at org.eclipse.jdt.internal.junit.runner.RemoteTestRunner.runTests(RemoteTestRunner.java:763)&#13;
	at org.eclipse.jdt.internal.junit.runner.RemoteTestRunner.run(RemoteTestRunner.java:463)&#13;
	at org.eclipse.jdt.internal.junit.runner.RemoteTestRunner.main(RemoteTestRunner.java:209)&#13;
&#13;
</error>
    </testcase>
    <testcase name="ErrorFinalState" classname="pt.ulisboa.tecnico.learnjava.sibs.sibs.TransferMethodTest_ProjectPart2_1_2_6_7" time="0.001">
      <error>java.lang.Error: Unresolved compilation problem: 
	The method getAge() is undefined for the type Client
&#13;
	at pt.ulisboa.tecnico.learnjava.bank/pt.ulisboa.tecnico.learnjava.bank.domain.Account.checkClientAge(Account.java:35)&#13;
	at pt.ulisboa.tecnico.learnjava.bank/pt.ulisboa.tecnico.learnjava.bank.domain.Account.&lt;init&gt;(Account.java:23)&#13;
	at pt.ulisboa.tecnico.learnjava.bank/pt.ulisboa.tecnico.learnjava.bank.domain.CheckingAccount.&lt;init&gt;(CheckingAccount.java:10)&#13;
	at pt.ulisboa.tecnico.learnjava.bank/pt.ulisboa.tecnico.learnjava.bank.domain.Bank.createAccount(Bank.java:78)&#13;
	at pt.ulisboa.tecnico.learnjava.sibs/pt.ulisboa.tecnico.learnjava.sibs.sibs.TransferMethodTest_ProjectPart2_1_2_6_7.ErrorFinalState(TransferMethodTest_ProjectPart2_1_2_6_7.java:361)&#13;
	at java.base/jdk.internal.reflect.NativeMethodAccessorImpl.invoke0(Native Method)&#13;
	at java.base/jdk.internal.reflect.NativeMethodAccessorImpl.invoke(NativeMethodAccessorImpl.java:62)&#13;
	at java.base/jdk.internal.reflect.DelegatingMethodAccessorImpl.invoke(DelegatingMethodAccessorImpl.java:43)&#13;
	at java.base/java.lang.reflect.Method.invoke(Method.java:567)&#13;
	at org.junit.runners.model.FrameworkMethod$1.runReflectiveCall(FrameworkMethod.java:50)&#13;
	at org.junit.internal.runners.model.ReflectiveCallable.run(ReflectiveCallable.java:12)&#13;
	at org.junit.runners.model.FrameworkMethod.invokeExplosively(FrameworkMethod.java:47)&#13;
	at org.junit.internal.runners.statements.InvokeMethod.evaluate(InvokeMethod.java:17)&#13;
	at org.junit.internal.runners.statements.RunBefores.evaluate(RunBefores.java:26)&#13;
	at org.junit.internal.runners.statements.RunAfters.evaluate(RunAfters.java:27)&#13;
	at org.junit.runners.ParentRunner.runLeaf(ParentRunner.java:325)&#13;
	at org.junit.runners.BlockJUnit4ClassRunner.runChild(BlockJUnit4ClassRunner.java:78)&#13;
	at org.junit.runners.BlockJUnit4ClassRunner.runChild(BlockJUnit4ClassRunner.java:57)&#13;
	at org.junit.runners.ParentRunner$3.run(ParentRunner.java:290)&#13;
	at org.junit.runners.ParentRunner$1.schedule(ParentRunner.java:71)&#13;
	at org.junit.runners.ParentRunner.runChildren(ParentRunner.java:288)&#13;
	at org.junit.runners.ParentRunner.access$000(ParentRunner.java:58)&#13;
	at org.junit.runners.ParentRunner$2.evaluate(ParentRunner.java:268)&#13;
	at org.junit.runners.ParentRunner.run(ParentRunner.java:363)&#13;
	at org.eclipse.jdt.internal.junit4.runner.JUnit4TestReference.run(JUnit4TestReference.java:89)&#13;
	at org.eclipse.jdt.internal.junit.runner.TestExecution.run(TestExecution.java:41)&#13;
	at org.eclipse.jdt.internal.junit.runner.RemoteTestRunner.runTests(RemoteTestRunner.java:541)&#13;
	at org.eclipse.jdt.internal.junit.runner.RemoteTestRunner.runTests(RemoteTestRunner.java:763)&#13;
	at org.eclipse.jdt.internal.junit.runner.RemoteTestRunner.run(RemoteTestRunner.java:463)&#13;
	at org.eclipse.jdt.internal.junit.runner.RemoteTestRunner.main(RemoteTestRunner.java:209)&#13;
&#13;
</error>
    </testcase>
    <testcase name="depositToCanceled" classname="pt.ulisboa.tecnico.learnjava.sibs.sibs.TransferMethodTest_ProjectPart2_1_2_6_7" time="0.001">
      <error>java.lang.Error: Unresolved compilation problem: 
	The method getAge() is undefined for the type Client
&#13;
	at pt.ulisboa.tecnico.learnjava.bank/pt.ulisboa.tecnico.learnjava.bank.domain.Account.checkClientAge(Account.java:35)&#13;
	at pt.ulisboa.tecnico.learnjava.bank/pt.ulisboa.tecnico.learnjava.bank.domain.Account.&lt;init&gt;(Account.java:23)&#13;
	at pt.ulisboa.tecnico.learnjava.bank/pt.ulisboa.tecnico.learnjava.bank.domain.CheckingAccount.&lt;init&gt;(CheckingAccount.java:10)&#13;
	at pt.ulisboa.tecnico.learnjava.bank/pt.ulisboa.tecnico.learnjava.bank.domain.Bank.createAccount(Bank.java:78)&#13;
	at pt.ulisboa.tecnico.learnjava.sibs/pt.ulisboa.tecnico.learnjava.sibs.sibs.TransferMethodTest_ProjectPart2_1_2_6_7.depositToCanceled(TransferMethodTest_ProjectPart2_1_2_6_7.java:203)&#13;
	at java.base/jdk.internal.reflect.NativeMethodAccessorImpl.invoke0(Native Method)&#13;
	at java.base/jdk.internal.reflect.NativeMethodAccessorImpl.invoke(NativeMethodAccessorImpl.java:62)&#13;
	at java.base/jdk.internal.reflect.DelegatingMethodAccessorImpl.invoke(DelegatingMethodAccessorImpl.java:43)&#13;
	at java.base/java.lang.reflect.Method.invoke(Method.java:567)&#13;
	at org.junit.runners.model.FrameworkMethod$1.runReflectiveCall(FrameworkMethod.java:50)&#13;
	at org.junit.internal.runners.model.ReflectiveCallable.run(ReflectiveCallable.java:12)&#13;
	at org.junit.runners.model.FrameworkMethod.invokeExplosively(FrameworkMethod.java:47)&#13;
	at org.junit.internal.runners.statements.InvokeMethod.evaluate(InvokeMethod.java:17)&#13;
	at org.junit.internal.runners.statements.RunBefores.evaluate(RunBefores.java:26)&#13;
	at org.junit.internal.runners.statements.RunAfters.evaluate(RunAfters.java:27)&#13;
	at org.junit.runners.ParentRunner.runLeaf(ParentRunner.java:325)&#13;
	at org.junit.runners.BlockJUnit4ClassRunner.runChild(BlockJUnit4ClassRunner.java:78)&#13;
	at org.junit.runners.BlockJUnit4ClassRunner.runChild(BlockJUnit4ClassRunner.java:57)&#13;
	at org.junit.runners.ParentRunner$3.run(ParentRunner.java:290)&#13;
	at org.junit.runners.ParentRunner$1.schedule(ParentRunner.java:71)&#13;
	at org.junit.runners.ParentRunner.runChildren(ParentRunner.java:288)&#13;
	at org.junit.runners.ParentRunner.access$000(ParentRunner.java:58)&#13;
	at org.junit.runners.ParentRunner$2.evaluate(ParentRunner.java:268)&#13;
	at org.junit.runners.ParentRunner.run(ParentRunner.java:363)&#13;
	at org.eclipse.jdt.internal.junit4.runner.JUnit4TestReference.run(JUnit4TestReference.java:89)&#13;
	at org.eclipse.jdt.internal.junit.runner.TestExecution.run(TestExecution.java:41)&#13;
	at org.eclipse.jdt.internal.junit.runner.RemoteTestRunner.runTests(RemoteTestRunner.java:541)&#13;
	at org.eclipse.jdt.internal.junit.runner.RemoteTestRunner.runTests(RemoteTestRunner.java:763)&#13;
	at org.eclipse.jdt.internal.junit.runner.RemoteTestRunner.run(RemoteTestRunner.java:463)&#13;
	at org.eclipse.jdt.internal.junit.runner.RemoteTestRunner.main(RemoteTestRunner.java:209)&#13;
&#13;
</error>
    </testcase>
    <testcase name="Registered" classname="pt.ulisboa.tecnico.learnjava.sibs.sibs.TransferMethodTest_ProjectPart2_1_2_6_7" time="0.0">
      <error>java.lang.Error: Unresolved compilation problem: 
	The method getAge() is undefined for the type Client
&#13;
	at pt.ulisboa.tecnico.learnjava.bank/pt.ulisboa.tecnico.learnjava.bank.domain.Account.checkClientAge(Account.java:35)&#13;
	at pt.ulisboa.tecnico.learnjava.bank/pt.ulisboa.tecnico.learnjava.bank.domain.Account.&lt;init&gt;(Account.java:23)&#13;
	at pt.ulisboa.tecnico.learnjava.bank/pt.ulisboa.tecnico.learnjava.bank.domain.CheckingAccount.&lt;init&gt;(CheckingAccount.java:10)&#13;
	at pt.ulisboa.tecnico.learnjava.bank/pt.ulisboa.tecnico.learnjava.bank.domain.Bank.createAccount(Bank.java:78)&#13;
	at pt.ulisboa.tecnico.learnjava.sibs/pt.ulisboa.tecnico.learnjava.sibs.sibs.TransferMethodTest_ProjectPart2_1_2_6_7.Registered(TransferMethodTest_ProjectPart2_1_2_6_7.java:69)&#13;
	at java.base/jdk.internal.reflect.NativeMethodAccessorImpl.invoke0(Native Method)&#13;
	at java.base/jdk.internal.reflect.NativeMethodAccessorImpl.invoke(NativeMethodAccessorImpl.java:62)&#13;
	at java.base/jdk.internal.reflect.DelegatingMethodAccessorImpl.invoke(DelegatingMethodAccessorImpl.java:43)&#13;
	at java.base/java.lang.reflect.Method.invoke(Method.java:567)&#13;
	at org.junit.runners.model.FrameworkMethod$1.runReflectiveCall(FrameworkMethod.java:50)&#13;
	at org.junit.internal.runners.model.ReflectiveCallable.run(ReflectiveCallable.java:12)&#13;
	at org.junit.runners.model.FrameworkMethod.invokeExplosively(FrameworkMethod.java:47)&#13;
	at org.junit.internal.runners.statements.InvokeMethod.evaluate(InvokeMethod.java:17)&#13;
	at org.junit.internal.runners.statements.RunBefores.evaluate(RunBefores.java:26)&#13;
	at org.junit.internal.runners.statements.RunAfters.evaluate(RunAfters.java:27)&#13;
	at org.junit.runners.ParentRunner.runLeaf(ParentRunner.java:325)&#13;
	at org.junit.runners.BlockJUnit4ClassRunner.runChild(BlockJUnit4ClassRunner.java:78)&#13;
	at org.junit.runners.BlockJUnit4ClassRunner.runChild(BlockJUnit4ClassRunner.java:57)&#13;
	at org.junit.runners.ParentRunner$3.run(ParentRunner.java:290)&#13;
	at org.junit.runners.ParentRunner$1.schedule(ParentRunner.java:71)&#13;
	at org.junit.runners.ParentRunner.runChildren(ParentRunner.java:288)&#13;
	at org.junit.runners.ParentRunner.access$000(ParentRunner.java:58)&#13;
	at org.junit.runners.ParentRunner$2.evaluate(ParentRunner.java:268)&#13;
	at org.junit.runners.ParentRunner.run(ParentRunner.java:363)&#13;
	at org.eclipse.jdt.internal.junit4.runner.JUnit4TestReference.run(JUnit4TestReference.java:89)&#13;
	at org.eclipse.jdt.internal.junit.runner.TestExecution.run(TestExecution.java:41)&#13;
	at org.eclipse.jdt.internal.junit.runner.RemoteTestRunner.runTests(RemoteTestRunner.java:541)&#13;
	at org.eclipse.jdt.internal.junit.runner.RemoteTestRunner.runTests(RemoteTestRunner.java:763)&#13;
	at org.eclipse.jdt.internal.junit.runner.RemoteTestRunner.run(RemoteTestRunner.java:463)&#13;
	at org.eclipse.jdt.internal.junit.runner.RemoteTestRunner.main(RemoteTestRunner.java:209)&#13;
&#13;
</error>
    </testcase>
    <testcase name="registeredToError" classname="pt.ulisboa.tecnico.learnjava.sibs.sibs.TransferMethodTest_ProjectPart2_1_2_6_7" time="0.001">
      <error>java.lang.Error: Unresolved compilation problem: 
	The method getAge() is undefined for the type Client
&#13;
	at pt.ulisboa.tecnico.learnjava.bank/pt.ulisboa.tecnico.learnjava.bank.domain.Account.checkClientAge(Account.java:35)&#13;
	at pt.ulisboa.tecnico.learnjava.bank/pt.ulisboa.tecnico.learnjava.bank.domain.Account.&lt;init&gt;(Account.java:23)&#13;
	at pt.ulisboa.tecnico.learnjava.bank/pt.ulisboa.tecnico.learnjava.bank.domain.CheckingAccount.&lt;init&gt;(CheckingAccount.java:10)&#13;
	at pt.ulisboa.tecnico.learnjava.bank/pt.ulisboa.tecnico.learnjava.bank.domain.Bank.createAccount(Bank.java:78)&#13;
	at pt.ulisboa.tecnico.learnjava.sibs/pt.ulisboa.tecnico.learnjava.sibs.sibs.TransferMethodTest_ProjectPart2_1_2_6_7.registeredToError(TransferMethodTest_ProjectPart2_1_2_6_7.java:248)&#13;
	at java.base/jdk.internal.reflect.NativeMethodAccessorImpl.invoke0(Native Method)&#13;
	at java.base/jdk.internal.reflect.NativeMethodAccessorImpl.invoke(NativeMethodAccessorImpl.java:62)&#13;
	at java.base/jdk.internal.reflect.DelegatingMethodAccessorImpl.invoke(DelegatingMethodAccessorImpl.java:43)&#13;
	at java.base/java.lang.reflect.Method.invoke(Method.java:567)&#13;
	at org.junit.runners.model.FrameworkMethod$1.runReflectiveCall(FrameworkMethod.java:50)&#13;
	at org.junit.internal.runners.model.ReflectiveCallable.run(ReflectiveCallable.java:12)&#13;
	at org.junit.runners.model.FrameworkMethod.invokeExplosively(FrameworkMethod.java:47)&#13;
	at org.junit.internal.runners.statements.InvokeMethod.evaluate(InvokeMethod.java:17)&#13;
	at org.junit.internal.runners.statements.RunBefores.evaluate(RunBefores.java:26)&#13;
	at org.junit.internal.runners.statements.RunAfters.evaluate(RunAfters.java:27)&#13;
	at org.junit.runners.ParentRunner.runLeaf(ParentRunner.java:325)&#13;
	at org.junit.runners.BlockJUnit4ClassRunner.runChild(BlockJUnit4ClassRunner.java:78)&#13;
	at org.junit.runners.BlockJUnit4ClassRunner.runChild(BlockJUnit4ClassRunner.java:57)&#13;
	at org.junit.runners.ParentRunner$3.run(ParentRunner.java:290)&#13;
	at org.junit.runners.ParentRunner$1.schedule(ParentRunner.java:71)&#13;
	at org.junit.runners.ParentRunner.runChildren(ParentRunner.java:288)&#13;
	at org.junit.runners.ParentRunner.access$000(ParentRunner.java:58)&#13;
	at org.junit.runners.ParentRunner$2.evaluate(ParentRunner.java:268)&#13;
	at org.junit.runners.ParentRunner.run(ParentRunner.java:363)&#13;
	at org.eclipse.jdt.internal.junit4.runner.JUnit4TestReference.run(JUnit4TestReference.java:89)&#13;
	at org.eclipse.jdt.internal.junit.runner.TestExecution.run(TestExecution.java:41)&#13;
	at org.eclipse.jdt.internal.junit.runner.RemoteTestRunner.runTests(RemoteTestRunner.java:541)&#13;
	at org.eclipse.jdt.internal.junit.runner.RemoteTestRunner.runTests(RemoteTestRunner.java:763)&#13;
	at org.eclipse.jdt.internal.junit.runner.RemoteTestRunner.run(RemoteTestRunner.java:463)&#13;
	at org.eclipse.jdt.internal.junit.runner.RemoteTestRunner.main(RemoteTestRunner.java:209)&#13;
&#13;
</error>
    </testcase>
    <testcase name="withdrawToError" classname="pt.ulisboa.tecnico.learnjava.sibs.sibs.TransferMethodTest_ProjectPart2_1_2_6_7" time="0.001">
      <error>java.lang.Error: Unresolved compilation problem: 
	The method getAge() is undefined for the type Client
&#13;
	at pt.ulisboa.tecnico.learnjava.bank/pt.ulisboa.tecnico.learnjava.bank.domain.Account.checkClientAge(Account.java:35)&#13;
	at pt.ulisboa.tecnico.learnjava.bank/pt.ulisboa.tecnico.learnjava.bank.domain.Account.&lt;init&gt;(Account.java:23)&#13;
	at pt.ulisboa.tecnico.learnjava.bank/pt.ulisboa.tecnico.learnjava.bank.domain.CheckingAccount.&lt;init&gt;(CheckingAccount.java:10)&#13;
	at pt.ulisboa.tecnico.learnjava.bank/pt.ulisboa.tecnico.learnjava.bank.domain.Bank.createAccount(Bank.java:78)&#13;
	at pt.ulisboa.tecnico.learnjava.sibs/pt.ulisboa.tecnico.learnjava.sibs.sibs.TransferMethodTest_ProjectPart2_1_2_6_7.withdrawToError(TransferMethodTest_ProjectPart2_1_2_6_7.java:265)&#13;
	at java.base/jdk.internal.reflect.NativeMethodAccessorImpl.invoke0(Native Method)&#13;
	at java.base/jdk.internal.reflect.NativeMethodAccessorImpl.invoke(NativeMethodAccessorImpl.java:62)&#13;
	at java.base/jdk.internal.reflect.DelegatingMethodAccessorImpl.invoke(DelegatingMethodAccessorImpl.java:43)&#13;
	at java.base/java.lang.reflect.Method.invoke(Method.java:567)&#13;
	at org.junit.runners.model.FrameworkMethod$1.runReflectiveCall(FrameworkMethod.java:50)&#13;
	at org.junit.internal.runners.model.ReflectiveCallable.run(ReflectiveCallable.java:12)&#13;
	at org.junit.runners.model.FrameworkMethod.invokeExplosively(FrameworkMethod.java:47)&#13;
	at org.junit.internal.runners.statements.InvokeMethod.evaluate(InvokeMethod.java:17)&#13;
	at org.junit.internal.runners.statements.RunBefores.evaluate(RunBefores.java:26)&#13;
	at org.junit.internal.runners.statements.RunAfters.evaluate(RunAfters.java:27)&#13;
	at org.junit.runners.ParentRunner.runLeaf(ParentRunner.java:325)&#13;
	at org.junit.runners.BlockJUnit4ClassRunner.runChild(BlockJUnit4ClassRunner.java:78)&#13;
	at org.junit.runners.BlockJUnit4ClassRunner.runChild(BlockJUnit4ClassRunner.java:57)&#13;
	at org.junit.runners.ParentRunner$3.run(ParentRunner.java:290)&#13;
	at org.junit.runners.ParentRunner$1.schedule(ParentRunner.java:71)&#13;
	at org.junit.runners.ParentRunner.runChildren(ParentRunner.java:288)&#13;
	at org.junit.runners.ParentRunner.access$000(ParentRunner.java:58)&#13;
	at org.junit.runners.ParentRunner$2.evaluate(ParentRunner.java:268)&#13;
	at org.junit.runners.ParentRunner.run(ParentRunner.java:363)&#13;
	at org.eclipse.jdt.internal.junit4.runner.JUnit4TestReference.run(JUnit4TestReference.java:89)&#13;
	at org.eclipse.jdt.internal.junit.runner.TestExecution.run(TestExecution.java:41)&#13;
	at org.eclipse.jdt.internal.junit.runner.RemoteTestRunner.runTests(RemoteTestRunner.java:541)&#13;
	at org.eclipse.jdt.internal.junit.runner.RemoteTestRunner.runTests(RemoteTestRunner.java:763)&#13;
	at org.eclipse.jdt.internal.junit.runner.RemoteTestRunner.run(RemoteTestRunner.java:463)&#13;
	at org.eclipse.jdt.internal.junit.runner.RemoteTestRunner.main(RemoteTestRunner.java:209)&#13;
&#13;
</error>
    </testcase>
    <testcase name="Completed" classname="pt.ulisboa.tecnico.learnjava.sibs.sibs.TransferMethodTest_ProjectPart2_1_2_6_7" time="0.001">
      <error>java.lang.Error: Unresolved compilation problem: 
	The method getAge() is undefined for the type Client
&#13;
	at pt.ulisboa.tecnico.learnjava.bank/pt.ulisboa.tecnico.learnjava.bank.domain.Account.checkClientAge(Account.java:35)&#13;
	at pt.ulisboa.tecnico.learnjava.bank/pt.ulisboa.tecnico.learnjava.bank.domain.Account.&lt;init&gt;(Account.java:23)&#13;
	at pt.ulisboa.tecnico.learnjava.bank/pt.ulisboa.tecnico.learnjava.bank.domain.CheckingAccount.&lt;init&gt;(CheckingAccount.java:10)&#13;
	at pt.ulisboa.tecnico.learnjava.bank/pt.ulisboa.tecnico.learnjava.bank.domain.Bank.createAccount(Bank.java:78)&#13;
	at pt.ulisboa.tecnico.learnjava.sibs/pt.ulisboa.tecnico.learnjava.sibs.sibs.TransferMethodTest_ProjectPart2_1_2_6_7.Completed(TransferMethodTest_ProjectPart2_1_2_6_7.java:127)&#13;
	at java.base/jdk.internal.reflect.NativeMethodAccessorImpl.invoke0(Native Method)&#13;
	at java.base/jdk.internal.reflect.NativeMethodAccessorImpl.invoke(NativeMethodAccessorImpl.java:62)&#13;
	at java.base/jdk.internal.reflect.DelegatingMethodAccessorImpl.invoke(DelegatingMethodAccessorImpl.java:43)&#13;
	at java.base/java.lang.reflect.Method.invoke(Method.java:567)&#13;
	at org.junit.runners.model.FrameworkMethod$1.runReflectiveCall(FrameworkMethod.java:50)&#13;
	at org.junit.internal.runners.model.ReflectiveCallable.run(ReflectiveCallable.java:12)&#13;
	at org.junit.runners.model.FrameworkMethod.invokeExplosively(FrameworkMethod.java:47)&#13;
	at org.junit.internal.runners.statements.InvokeMethod.evaluate(InvokeMethod.java:17)&#13;
	at org.junit.internal.runners.statements.RunBefores.evaluate(RunBefores.java:26)&#13;
	at org.junit.internal.runners.statements.RunAfters.evaluate(RunAfters.java:27)&#13;
	at org.junit.runners.ParentRunner.runLeaf(ParentRunner.java:325)&#13;
	at org.junit.runners.BlockJUnit4ClassRunner.runChild(BlockJUnit4ClassRunner.java:78)&#13;
	at org.junit.runners.BlockJUnit4ClassRunner.runChild(BlockJUnit4ClassRunner.java:57)&#13;
	at org.junit.runners.ParentRunner$3.run(ParentRunner.java:290)&#13;
	at org.junit.runners.ParentRunner$1.schedule(ParentRunner.java:71)&#13;
	at org.junit.runners.ParentRunner.runChildren(ParentRunner.java:288)&#13;
	at org.junit.runners.ParentRunner.access$000(ParentRunner.java:58)&#13;
	at org.junit.runners.ParentRunner$2.evaluate(ParentRunner.java:268)&#13;
	at org.junit.runners.ParentRunner.run(ParentRunner.java:363)&#13;
	at org.eclipse.jdt.internal.junit4.runner.JUnit4TestReference.run(JUnit4TestReference.java:89)&#13;
	at org.eclipse.jdt.internal.junit.runner.TestExecution.run(TestExecution.java:41)&#13;
	at org.eclipse.jdt.internal.junit.runner.RemoteTestRunner.runTests(RemoteTestRunner.java:541)&#13;
	at org.eclipse.jdt.internal.junit.runner.RemoteTestRunner.runTests(RemoteTestRunner.java:763)&#13;
	at org.eclipse.jdt.internal.junit.runner.RemoteTestRunner.run(RemoteTestRunner.java:463)&#13;
	at org.eclipse.jdt.internal.junit.runner.RemoteTestRunner.main(RemoteTestRunner.java:209)&#13;
&#13;
</error>
    </testcase>
    <testcase name="depositedToError" classname="pt.ulisboa.tecnico.learnjava.sibs.sibs.TransferMethodTest_ProjectPart2_1_2_6_7" time="0.001">
      <error>java.lang.Error: Unresolved compilation problem: 
	The method getAge() is undefined for the type Client
&#13;
	at pt.ulisboa.tecnico.learnjava.bank/pt.ulisboa.tecnico.learnjava.bank.domain.Account.checkClientAge(Account.java:35)&#13;
	at pt.ulisboa.tecnico.learnjava.bank/pt.ulisboa.tecnico.learnjava.bank.domain.Account.&lt;init&gt;(Account.java:23)&#13;
	at pt.ulisboa.tecnico.learnjava.bank/pt.ulisboa.tecnico.learnjava.bank.domain.CheckingAccount.&lt;init&gt;(CheckingAccount.java:10)&#13;
	at pt.ulisboa.tecnico.learnjava.bank/pt.ulisboa.tecnico.learnjava.bank.domain.Bank.createAccount(Bank.java:78)&#13;
	at pt.ulisboa.tecnico.learnjava.sibs/pt.ulisboa.tecnico.learnjava.sibs.sibs.TransferMethodTest_ProjectPart2_1_2_6_7.depositedToError(TransferMethodTest_ProjectPart2_1_2_6_7.java:302)&#13;
	at java.base/jdk.internal.reflect.NativeMethodAccessorImpl.invoke0(Native Method)&#13;
	at java.base/jdk.internal.reflect.NativeMethodAccessorImpl.invoke(NativeMethodAccessorImpl.java:62)&#13;
	at java.base/jdk.internal.reflect.DelegatingMethodAccessorImpl.invoke(DelegatingMethodAccessorImpl.java:43)&#13;
	at java.base/java.lang.reflect.Method.invoke(Method.java:567)&#13;
	at org.junit.runners.model.FrameworkMethod$1.runReflectiveCall(FrameworkMethod.java:50)&#13;
	at org.junit.internal.runners.model.ReflectiveCallable.run(ReflectiveCallable.java:12)&#13;
	at org.junit.runners.model.FrameworkMethod.invokeExplosively(FrameworkMethod.java:47)&#13;
	at org.junit.internal.runners.statements.InvokeMethod.evaluate(InvokeMethod.java:17)&#13;
	at org.junit.internal.runners.statements.RunBefores.evaluate(RunBefores.java:26)&#13;
	at org.junit.internal.runners.statements.RunAfters.evaluate(RunAfters.java:27)&#13;
	at org.junit.runners.ParentRunner.runLeaf(ParentRunner.java:325)&#13;
	at org.junit.runners.BlockJUnit4ClassRunner.runChild(BlockJUnit4ClassRunner.java:78)&#13;
	at org.junit.runners.BlockJUnit4ClassRunner.runChild(BlockJUnit4ClassRunner.java:57)&#13;
	at org.junit.runners.ParentRunner$3.run(ParentRunner.java:290)&#13;
	at org.junit.runners.ParentRunner$1.schedule(ParentRunner.java:71)&#13;
	at org.junit.runners.ParentRunner.runChildren(ParentRunner.java:288)&#13;
	at org.junit.runners.ParentRunner.access$000(ParentRunner.java:58)&#13;
	at org.junit.runners.ParentRunner$2.evaluate(ParentRunner.java:268)&#13;
	at org.junit.runners.ParentRunner.run(ParentRunner.java:363)&#13;
	at org.eclipse.jdt.internal.junit4.runner.JUnit4TestReference.run(JUnit4TestReference.java:89)&#13;
	at org.eclipse.jdt.internal.junit.runner.TestExecution.run(TestExecution.java:41)&#13;
	at org.eclipse.jdt.internal.junit.runner.RemoteTestRunner.runTests(RemoteTestRunner.java:541)&#13;
	at org.eclipse.jdt.internal.junit.runner.RemoteTestRunner.runTests(RemoteTestRunner.java:763)&#13;
	at org.eclipse.jdt.internal.junit.runner.RemoteTestRunner.run(RemoteTestRunner.java:463)&#13;
	at org.eclipse.jdt.internal.junit.runner.RemoteTestRunner.main(RemoteTestRunner.java:209)&#13;
&#13;
</error>
    </testcase>
    <testcase name="WithdrawnDifferentBanks" classname="pt.ulisboa.tecnico.learnjava.sibs.sibs.TransferMethodTest_ProjectPart2_1_2_6_7" time="0.001">
      <error>java.lang.Error: Unresolved compilation problem: 
	The method getAge() is undefined for the type Client
&#13;
	at pt.ulisboa.tecnico.learnjava.bank/pt.ulisboa.tecnico.learnjava.bank.domain.Account.checkClientAge(Account.java:35)&#13;
	at pt.ulisboa.tecnico.learnjava.bank/pt.ulisboa.tecnico.learnjava.bank.domain.Account.&lt;init&gt;(Account.java:23)&#13;
	at pt.ulisboa.tecnico.learnjava.bank/pt.ulisboa.tecnico.learnjava.bank.domain.CheckingAccount.&lt;init&gt;(CheckingAccount.java:10)&#13;
	at pt.ulisboa.tecnico.learnjava.bank/pt.ulisboa.tecnico.learnjava.bank.domain.Bank.createAccount(Bank.java:78)&#13;
	at pt.ulisboa.tecnico.learnjava.sibs/pt.ulisboa.tecnico.learnjava.sibs.sibs.TransferMethodTest_ProjectPart2_1_2_6_7.WithdrawnDifferentBanks(TransferMethodTest_ProjectPart2_1_2_6_7.java:82)&#13;
	at java.base/jdk.internal.reflect.NativeMethodAccessorImpl.invoke0(Native Method)&#13;
	at java.base/jdk.internal.reflect.NativeMethodAccessorImpl.invoke(NativeMethodAccessorImpl.java:62)&#13;
	at java.base/jdk.internal.reflect.DelegatingMethodAccessorImpl.invoke(DelegatingMethodAccessorImpl.java:43)&#13;
	at java.base/java.lang.reflect.Method.invoke(Method.java:567)&#13;
	at org.junit.runners.model.FrameworkMethod$1.runReflectiveCall(FrameworkMethod.java:50)&#13;
	at org.junit.internal.runners.model.ReflectiveCallable.run(ReflectiveCallable.java:12)&#13;
	at org.junit.runners.model.FrameworkMethod.invokeExplosively(FrameworkMethod.java:47)&#13;
	at org.junit.internal.runners.statements.InvokeMethod.evaluate(InvokeMethod.java:17)&#13;
	at org.junit.internal.runners.statements.RunBefores.evaluate(RunBefores.java:26)&#13;
	at org.junit.internal.runners.statements.RunAfters.evaluate(RunAfters.java:27)&#13;
	at org.junit.runners.ParentRunner.runLeaf(ParentRunner.java:325)&#13;
	at org.junit.runners.BlockJUnit4ClassRunner.runChild(BlockJUnit4ClassRunner.java:78)&#13;
	at org.junit.runners.BlockJUnit4ClassRunner.runChild(BlockJUnit4ClassRunner.java:57)&#13;
	at org.junit.runners.ParentRunner$3.run(ParentRunner.java:290)&#13;
	at org.junit.runners.ParentRunner$1.schedule(ParentRunner.java:71)&#13;
	at org.junit.runners.ParentRunner.runChildren(ParentRunner.java:288)&#13;
	at org.junit.runners.ParentRunner.access$000(ParentRunner.java:58)&#13;
	at org.junit.runners.ParentRunner$2.evaluate(ParentRunner.java:268)&#13;
	at org.junit.runners.ParentRunner.run(ParentRunner.java:363)&#13;
	at org.eclipse.jdt.internal.junit4.runner.JUnit4TestReference.run(JUnit4TestReference.java:89)&#13;
	at org.eclipse.jdt.internal.junit.runner.TestExecution.run(TestExecution.java:41)&#13;
	at org.eclipse.jdt.internal.junit.runner.RemoteTestRunner.runTests(RemoteTestRunner.java:541)&#13;
	at org.eclipse.jdt.internal.junit.runner.RemoteTestRunner.runTests(RemoteTestRunner.java:763)&#13;
	at org.eclipse.jdt.internal.junit.runner.RemoteTestRunner.run(RemoteTestRunner.java:463)&#13;
	at org.eclipse.jdt.internal.junit.runner.RemoteTestRunner.main(RemoteTestRunner.java:209)&#13;
&#13;
</error>
    </testcase>
    <testcase name="withdrawnToCanceledToError" classname="pt.ulisboa.tecnico.learnjava.sibs.sibs.TransferMethodTest_ProjectPart2_1_2_6_7" time="0.001">
      <error>java.lang.Error: Unresolved compilation problem: 
	The method getAge() is undefined for the type Client
&#13;
	at pt.ulisboa.tecnico.learnjava.bank/pt.ulisboa.tecnico.learnjava.bank.domain.Account.checkClientAge(Account.java:35)&#13;
	at pt.ulisboa.tecnico.learnjava.bank/pt.ulisboa.tecnico.learnjava.bank.domain.Account.&lt;init&gt;(Account.java:23)&#13;
	at pt.ulisboa.tecnico.learnjava.bank/pt.ulisboa.tecnico.learnjava.bank.domain.CheckingAccount.&lt;init&gt;(CheckingAccount.java:10)&#13;
	at pt.ulisboa.tecnico.learnjava.bank/pt.ulisboa.tecnico.learnjava.bank.domain.Bank.createAccount(Bank.java:78)&#13;
	at pt.ulisboa.tecnico.learnjava.sibs/pt.ulisboa.tecnico.learnjava.sibs.sibs.TransferMethodTest_ProjectPart2_1_2_6_7.withdrawnToCanceledToError(TransferMethodTest_ProjectPart2_1_2_6_7.java:321)&#13;
	at java.base/jdk.internal.reflect.NativeMethodAccessorImpl.invoke0(Native Method)&#13;
	at java.base/jdk.internal.reflect.NativeMethodAccessorImpl.invoke(NativeMethodAccessorImpl.java:62)&#13;
	at java.base/jdk.internal.reflect.DelegatingMethodAccessorImpl.invoke(DelegatingMethodAccessorImpl.java:43)&#13;
	at java.base/java.lang.reflect.Method.invoke(Method.java:567)&#13;
	at org.junit.runners.model.FrameworkMethod$1.runReflectiveCall(FrameworkMethod.java:50)&#13;
	at org.junit.internal.runners.model.ReflectiveCallable.run(ReflectiveCallable.java:12)&#13;
	at org.junit.runners.model.FrameworkMethod.invokeExplosively(FrameworkMethod.java:47)&#13;
	at org.junit.internal.runners.statements.InvokeMethod.evaluate(InvokeMethod.java:17)&#13;
	at org.junit.internal.runners.statements.RunBefores.evaluate(RunBefores.java:26)&#13;
	at org.junit.internal.runners.statements.RunAfters.evaluate(RunAfters.java:27)&#13;
	at org.junit.runners.ParentRunner.runLeaf(ParentRunner.java:325)&#13;
	at org.junit.runners.BlockJUnit4ClassRunner.runChild(BlockJUnit4ClassRunner.java:78)&#13;
	at org.junit.runners.BlockJUnit4ClassRunner.runChild(BlockJUnit4ClassRunner.java:57)&#13;
	at org.junit.runners.ParentRunner$3.run(ParentRunner.java:290)&#13;
	at org.junit.runners.ParentRunner$1.schedule(ParentRunner.java:71)&#13;
	at org.junit.runners.ParentRunner.runChildren(ParentRunner.java:288)&#13;
	at org.junit.runners.ParentRunner.access$000(ParentRunner.java:58)&#13;
	at org.junit.runners.ParentRunner$2.evaluate(ParentRunner.java:268)&#13;
	at org.junit.runners.ParentRunner.run(ParentRunner.java:363)&#13;
	at org.eclipse.jdt.internal.junit4.runner.JUnit4TestReference.run(JUnit4TestReference.java:89)&#13;
	at org.eclipse.jdt.internal.junit.runner.TestExecution.run(TestExecution.java:41)&#13;
	at org.eclipse.jdt.internal.junit.runner.RemoteTestRunner.runTests(RemoteTestRunner.java:541)&#13;
	at org.eclipse.jdt.internal.junit.runner.RemoteTestRunner.runTests(RemoteTestRunner.java:763)&#13;
	at org.eclipse.jdt.internal.junit.runner.RemoteTestRunner.run(RemoteTestRunner.java:463)&#13;
	at org.eclipse.jdt.internal.junit.runner.RemoteTestRunner.main(RemoteTestRunner.java:209)&#13;
&#13;
</error>
    </testcase>
    <testcase name="Deposited" classname="pt.ulisboa.tecnico.learnjava.sibs.sibs.TransferMethodTest_ProjectPart2_1_2_6_7" time="0.001">
      <error>java.lang.Error: Unresolved compilation problem: 
	The method getAge() is undefined for the type Client
&#13;
	at pt.ulisboa.tecnico.learnjava.bank/pt.ulisboa.tecnico.learnjava.bank.domain.Account.checkClientAge(Account.java:35)&#13;
	at pt.ulisboa.tecnico.learnjava.bank/pt.ulisboa.tecnico.learnjava.bank.domain.Account.&lt;init&gt;(Account.java:23)&#13;
	at pt.ulisboa.tecnico.learnjava.bank/pt.ulisboa.tecnico.learnjava.bank.domain.CheckingAccount.&lt;init&gt;(CheckingAccount.java:10)&#13;
	at pt.ulisboa.tecnico.learnjava.bank/pt.ulisboa.tecnico.learnjava.bank.domain.Bank.createAccount(Bank.java:78)&#13;
	at pt.ulisboa.tecnico.learnjava.sibs/pt.ulisboa.tecnico.learnjava.sibs.sibs.TransferMethodTest_ProjectPart2_1_2_6_7.Deposited(TransferMethodTest_ProjectPart2_1_2_6_7.java:112)&#13;
	at java.base/jdk.internal.reflect.NativeMethodAccessorImpl.invoke0(Native Method)&#13;
	at java.base/jdk.internal.reflect.NativeMethodAccessorImpl.invoke(NativeMethodAccessorImpl.java:62)&#13;
	at java.base/jdk.internal.reflect.DelegatingMethodAccessorImpl.invoke(DelegatingMethodAccessorImpl.java:43)&#13;
	at java.base/java.lang.reflect.Method.invoke(Method.java:567)&#13;
	at org.junit.runners.model.FrameworkMethod$1.runReflectiveCall(FrameworkMethod.java:50)&#13;
	at org.junit.internal.runners.model.ReflectiveCallable.run(ReflectiveCallable.java:12)&#13;
	at org.junit.runners.model.FrameworkMethod.invokeExplosively(FrameworkMethod.java:47)&#13;
	at org.junit.internal.runners.statements.InvokeMethod.evaluate(InvokeMethod.java:17)&#13;
	at org.junit.internal.runners.statements.RunBefores.evaluate(RunBefores.java:26)&#13;
	at org.junit.internal.runners.statements.RunAfters.evaluate(RunAfters.java:27)&#13;
	at org.junit.runners.ParentRunner.runLeaf(ParentRunner.java:325)&#13;
	at org.junit.runners.BlockJUnit4ClassRunner.runChild(BlockJUnit4ClassRunner.java:78)&#13;
	at org.junit.runners.BlockJUnit4ClassRunner.runChild(BlockJUnit4ClassRunner.java:57)&#13;
	at org.junit.runners.ParentRunner$3.run(ParentRunner.java:290)&#13;
	at org.junit.runners.ParentRunner$1.schedule(ParentRunner.java:71)&#13;
	at org.junit.runners.ParentRunner.runChildren(ParentRunner.java:288)&#13;
	at org.junit.runners.ParentRunner.access$000(ParentRunner.java:58)&#13;
	at org.junit.runners.ParentRunner$2.evaluate(ParentRunner.java:268)&#13;
	at org.junit.runners.ParentRunner.run(ParentRunner.java:363)&#13;
	at org.eclipse.jdt.internal.junit4.runner.JUnit4TestReference.run(JUnit4TestReference.java:89)&#13;
	at org.eclipse.jdt.internal.junit.runner.TestExecution.run(TestExecution.java:41)&#13;
	at org.eclipse.jdt.internal.junit.runner.RemoteTestRunner.runTests(RemoteTestRunner.java:541)&#13;
	at org.eclipse.jdt.internal.junit.runner.RemoteTestRunner.runTests(RemoteTestRunner.java:763)&#13;
	at org.eclipse.jdt.internal.junit.runner.RemoteTestRunner.run(RemoteTestRunner.java:463)&#13;
	at org.eclipse.jdt.internal.junit.runner.RemoteTestRunner.main(RemoteTestRunner.java:209)&#13;
&#13;
</error>
    </testcase>
    <testcase name="depositToCanceledToError" classname="pt.ulisboa.tecnico.learnjava.sibs.sibs.TransferMethodTest_ProjectPart2_1_2_6_7" time="0.001">
      <error>java.lang.Error: Unresolved compilation problem: 
	The method getAge() is undefined for the type Client
&#13;
	at pt.ulisboa.tecnico.learnjava.bank/pt.ulisboa.tecnico.learnjava.bank.domain.Account.checkClientAge(Account.java:35)&#13;
	at pt.ulisboa.tecnico.learnjava.bank/pt.ulisboa.tecnico.learnjava.bank.domain.Account.&lt;init&gt;(Account.java:23)&#13;
	at pt.ulisboa.tecnico.learnjava.bank/pt.ulisboa.tecnico.learnjava.bank.domain.CheckingAccount.&lt;init&gt;(CheckingAccount.java:10)&#13;
	at pt.ulisboa.tecnico.learnjava.bank/pt.ulisboa.tecnico.learnjava.bank.domain.Bank.createAccount(Bank.java:78)&#13;
	at pt.ulisboa.tecnico.learnjava.sibs/pt.ulisboa.tecnico.learnjava.sibs.sibs.TransferMethodTest_ProjectPart2_1_2_6_7.depositToCanceledToError(TransferMethodTest_ProjectPart2_1_2_6_7.java:340)&#13;
	at java.base/jdk.internal.reflect.NativeMethodAccessorImpl.invoke0(Native Method)&#13;
	at java.base/jdk.internal.reflect.NativeMethodAccessorImpl.invoke(NativeMethodAccessorImpl.java:62)&#13;
	at java.base/jdk.internal.reflect.DelegatingMethodAccessorImpl.invoke(DelegatingMethodAccessorImpl.java:43)&#13;
	at java.base/java.lang.reflect.Method.invoke(Method.java:567)&#13;
	at org.junit.runners.model.FrameworkMethod$1.runReflectiveCall(FrameworkMethod.java:50)&#13;
	at org.junit.internal.runners.model.ReflectiveCallable.run(ReflectiveCallable.java:12)&#13;
	at org.junit.runners.model.FrameworkMethod.invokeExplosively(FrameworkMethod.java:47)&#13;
	at org.junit.internal.runners.statements.InvokeMethod.evaluate(InvokeMethod.java:17)&#13;
	at org.junit.internal.runners.statements.RunBefores.evaluate(RunBefores.java:26)&#13;
	at org.junit.internal.runners.statements.RunAfters.evaluate(RunAfters.java:27)&#13;
	at org.junit.runners.ParentRunner.runLeaf(ParentRunner.java:325)&#13;
	at org.junit.runners.BlockJUnit4ClassRunner.runChild(BlockJUnit4ClassRunner.java:78)&#13;
	at org.junit.runners.BlockJUnit4ClassRunner.runChild(BlockJUnit4ClassRunner.java:57)&#13;
	at org.junit.runners.ParentRunner$3.run(ParentRunner.java:290)&#13;
	at org.junit.runners.ParentRunner$1.schedule(ParentRunner.java:71)&#13;
	at org.junit.runners.ParentRunner.runChildren(ParentRunner.java:288)&#13;
	at org.junit.runners.ParentRunner.access$000(ParentRunner.java:58)&#13;
	at org.junit.runners.ParentRunner$2.evaluate(ParentRunner.java:268)&#13;
	at org.junit.runners.ParentRunner.run(ParentRunner.java:363)&#13;
	at org.eclipse.jdt.internal.junit4.runner.JUnit4TestReference.run(JUnit4TestReference.java:89)&#13;
	at org.eclipse.jdt.internal.junit.runner.TestExecution.run(TestExecution.java:41)&#13;
	at org.eclipse.jdt.internal.junit.runner.RemoteTestRunner.runTests(RemoteTestRunner.java:541)&#13;
	at org.eclipse.jdt.internal.junit.runner.RemoteTestRunner.runTests(RemoteTestRunner.java:763)&#13;
	at org.eclipse.jdt.internal.junit.runner.RemoteTestRunner.run(RemoteTestRunner.java:463)&#13;
	at org.eclipse.jdt.internal.junit.runner.RemoteTestRunner.main(RemoteTestRunner.java:209)&#13;
&#13;
</error>
    </testcase>
    <testcase name="CompletedFinalState" classname="pt.ulisboa.tecnico.learnjava.sibs.sibs.TransferMethodTest_ProjectPart2_1_2_6_7" time="0.0">
      <error>java.lang.Error: Unresolved compilation problem: 
	The method getAge() is undefined for the type Client
&#13;
	at pt.ulisboa.tecnico.learnjava.bank/pt.ulisboa.tecnico.learnjava.bank.domain.Account.checkClientAge(Account.java:35)&#13;
	at pt.ulisboa.tecnico.learnjava.bank/pt.ulisboa.tecnico.learnjava.bank.domain.Account.&lt;init&gt;(Account.java:23)&#13;
	at pt.ulisboa.tecnico.learnjava.bank/pt.ulisboa.tecnico.learnjava.bank.domain.CheckingAccount.&lt;init&gt;(CheckingAccount.java:10)&#13;
	at pt.ulisboa.tecnico.learnjava.bank/pt.ulisboa.tecnico.learnjava.bank.domain.Bank.createAccount(Bank.java:78)&#13;
	at pt.ulisboa.tecnico.learnjava.sibs/pt.ulisboa.tecnico.learnjava.sibs.sibs.TransferMethodTest_ProjectPart2_1_2_6_7.CompletedFinalState(TransferMethodTest_ProjectPart2_1_2_6_7.java:143)&#13;
	at java.base/jdk.internal.reflect.NativeMethodAccessorImpl.invoke0(Native Method)&#13;
	at java.base/jdk.internal.reflect.NativeMethodAccessorImpl.invoke(NativeMethodAccessorImpl.java:62)&#13;
	at java.base/jdk.internal.reflect.DelegatingMethodAccessorImpl.invoke(DelegatingMethodAccessorImpl.java:43)&#13;
	at java.base/java.lang.reflect.Method.invoke(Method.java:567)&#13;
	at org.junit.runners.model.FrameworkMethod$1.runReflectiveCall(FrameworkMethod.java:50)&#13;
	at org.junit.internal.runners.model.ReflectiveCallable.run(ReflectiveCallable.java:12)&#13;
	at org.junit.runners.model.FrameworkMethod.invokeExplosively(FrameworkMethod.java:47)&#13;
	at org.junit.internal.runners.statements.InvokeMethod.evaluate(InvokeMethod.java:17)&#13;
	at org.junit.internal.runners.statements.RunBefores.evaluate(RunBefores.java:26)&#13;
	at org.junit.internal.runners.statements.RunAfters.evaluate(RunAfters.java:27)&#13;
	at org.junit.runners.ParentRunner.runLeaf(ParentRunner.java:325)&#13;
	at org.junit.runners.BlockJUnit4ClassRunner.runChild(BlockJUnit4ClassRunner.java:78)&#13;
	at org.junit.runners.BlockJUnit4ClassRunner.runChild(BlockJUnit4ClassRunner.java:57)&#13;
	at org.junit.runners.ParentRunner$3.run(ParentRunner.java:290)&#13;
	at org.junit.runners.ParentRunner$1.schedule(ParentRunner.java:71)&#13;
	at org.junit.runners.ParentRunner.runChildren(ParentRunner.java:288)&#13;
	at org.junit.runners.ParentRunner.access$000(ParentRunner.java:58)&#13;
	at org.junit.runners.ParentRunner$2.evaluate(ParentRunner.java:268)&#13;
	at org.junit.runners.ParentRunner.run(ParentRunner.java:363)&#13;
	at org.eclipse.jdt.internal.junit4.runner.JUnit4TestReference.run(JUnit4TestReference.java:89)&#13;
	at org.eclipse.jdt.internal.junit.runner.TestExecution.run(TestExecution.java:41)&#13;
	at org.eclipse.jdt.internal.junit.runner.RemoteTestRunner.runTests(RemoteTestRunner.java:541)&#13;
	at org.eclipse.jdt.internal.junit.runner.RemoteTestRunner.runTests(RemoteTestRunner.java:763)&#13;
	at org.eclipse.jdt.internal.junit.runner.RemoteTestRunner.run(RemoteTestRunner.java:463)&#13;
	at org.eclipse.jdt.internal.junit.runner.RemoteTestRunner.main(RemoteTestRunner.java:209)&#13;
&#13;
</error>
    </testcase>
    <testcase name="withdrawnToCanceled" classname="pt.ulisboa.tecnico.learnjava.sibs.sibs.TransferMethodTest_ProjectPart2_1_2_6_7" time="0.001">
      <error>java.lang.Error: Unresolved compilation problem: 
	The method getAge() is undefined for the type Client
&#13;
	at pt.ulisboa.tecnico.learnjava.bank/pt.ulisboa.tecnico.learnjava.bank.domain.Account.checkClientAge(Account.java:35)&#13;
	at pt.ulisboa.tecnico.learnjava.bank/pt.ulisboa.tecnico.learnjava.bank.domain.Account.&lt;init&gt;(Account.java:23)&#13;
	at pt.ulisboa.tecnico.learnjava.bank/pt.ulisboa.tecnico.learnjava.bank.domain.CheckingAccount.&lt;init&gt;(CheckingAccount.java:10)&#13;
	at pt.ulisboa.tecnico.learnjava.bank/pt.ulisboa.tecnico.learnjava.bank.domain.Bank.createAccount(Bank.java:78)&#13;
	at pt.ulisboa.tecnico.learnjava.sibs/pt.ulisboa.tecnico.learnjava.sibs.sibs.TransferMethodTest_ProjectPart2_1_2_6_7.withdrawnToCanceled(TransferMethodTest_ProjectPart2_1_2_6_7.java:185)&#13;
	at java.base/jdk.internal.reflect.NativeMethodAccessorImpl.invoke0(Native Method)&#13;
	at java.base/jdk.internal.reflect.NativeMethodAccessorImpl.invoke(NativeMethodAccessorImpl.java:62)&#13;
	at java.base/jdk.internal.reflect.DelegatingMethodAccessorImpl.invoke(DelegatingMethodAccessorImpl.java:43)&#13;
	at java.base/java.lang.reflect.Method.invoke(Method.java:567)&#13;
	at org.junit.runners.model.FrameworkMethod$1.runReflectiveCall(FrameworkMethod.java:50)&#13;
	at org.junit.internal.runners.model.ReflectiveCallable.run(ReflectiveCallable.java:12)&#13;
	at org.junit.runners.model.FrameworkMethod.invokeExplosively(FrameworkMethod.java:47)&#13;
	at org.junit.internal.runners.statements.InvokeMethod.evaluate(InvokeMethod.java:17)&#13;
	at org.junit.internal.runners.statements.RunBefores.evaluate(RunBefores.java:26)&#13;
	at org.junit.internal.runners.statements.RunAfters.evaluate(RunAfters.java:27)&#13;
	at org.junit.runners.ParentRunner.runLeaf(ParentRunner.java:325)&#13;
	at org.junit.runners.BlockJUnit4ClassRunner.runChild(BlockJUnit4ClassRunner.java:78)&#13;
	at org.junit.runners.BlockJUnit4ClassRunner.runChild(BlockJUnit4ClassRunner.java:57)&#13;
	at org.junit.runners.ParentRunner$3.run(ParentRunner.java:290)&#13;
	at org.junit.runners.ParentRunner$1.schedule(ParentRunner.java:71)&#13;
	at org.junit.runners.ParentRunner.runChildren(ParentRunner.java:288)&#13;
	at org.junit.runners.ParentRunner.access$000(ParentRunner.java:58)&#13;
	at org.junit.runners.ParentRunner$2.evaluate(ParentRunner.java:268)&#13;
	at org.junit.runners.ParentRunner.run(ParentRunner.java:363)&#13;
	at org.eclipse.jdt.internal.junit4.runner.JUnit4TestReference.run(JUnit4TestReference.java:89)&#13;
	at org.eclipse.jdt.internal.junit.runner.TestExecution.run(TestExecution.java:41)&#13;
	at org.eclipse.jdt.internal.junit.runner.RemoteTestRunner.runTests(RemoteTestRunner.java:541)&#13;
	at org.eclipse.jdt.internal.junit.runner.RemoteTestRunner.runTests(RemoteTestRunner.java:763)&#13;
	at org.eclipse.jdt.internal.junit.runner.RemoteTestRunner.run(RemoteTestRunner.java:463)&#13;
	at org.eclipse.jdt.internal.junit.runner.RemoteTestRunner.main(RemoteTestRunner.java:209)&#13;
&#13;
</error>
    </testcase>
    <testcase name="registeredToCanceled" classname="pt.ulisboa.tecnico.learnjava.sibs.sibs.TransferMethodTest_ProjectPart2_1_2_6_7" time="0.002">
      <error>java.lang.Error: Unresolved compilation problem: 
	The method getAge() is undefined for the type Client
&#13;
	at pt.ulisboa.tecnico.learnjava.bank/pt.ulisboa.tecnico.learnjava.bank.domain.Account.checkClientAge(Account.java:35)&#13;
	at pt.ulisboa.tecnico.learnjava.bank/pt.ulisboa.tecnico.learnjava.bank.domain.Account.&lt;init&gt;(Account.java:23)&#13;
	at pt.ulisboa.tecnico.learnjava.bank/pt.ulisboa.tecnico.learnjava.bank.domain.CheckingAccount.&lt;init&gt;(CheckingAccount.java:10)&#13;
	at pt.ulisboa.tecnico.learnjava.bank/pt.ulisboa.tecnico.learnjava.bank.domain.Bank.createAccount(Bank.java:78)&#13;
	at pt.ulisboa.tecnico.learnjava.sibs/pt.ulisboa.tecnico.learnjava.sibs.sibs.TransferMethodTest_ProjectPart2_1_2_6_7.registeredToCanceled(TransferMethodTest_ProjectPart2_1_2_6_7.java:168)&#13;
	at java.base/jdk.internal.reflect.NativeMethodAccessorImpl.invoke0(Native Method)&#13;
	at java.base/jdk.internal.reflect.NativeMethodAccessorImpl.invoke(NativeMethodAccessorImpl.java:62)&#13;
	at java.base/jdk.internal.reflect.DelegatingMethodAccessorImpl.invoke(DelegatingMethodAccessorImpl.java:43)&#13;
	at java.base/java.lang.reflect.Method.invoke(Method.java:567)&#13;
	at org.junit.runners.model.FrameworkMethod$1.runReflectiveCall(FrameworkMethod.java:50)&#13;
	at org.junit.internal.runners.model.ReflectiveCallable.run(ReflectiveCallable.java:12)&#13;
	at org.junit.runners.model.FrameworkMethod.invokeExplosively(FrameworkMethod.java:47)&#13;
	at org.junit.internal.runners.statements.InvokeMethod.evaluate(InvokeMethod.java:17)&#13;
	at org.junit.internal.runners.statements.RunBefores.evaluate(RunBefores.java:26)&#13;
	at org.junit.internal.runners.statements.RunAfters.evaluate(RunAfters.java:27)&#13;
	at org.junit.runners.ParentRunner.runLeaf(ParentRunner.java:325)&#13;
	at org.junit.runners.BlockJUnit4ClassRunner.runChild(BlockJUnit4ClassRunner.java:78)&#13;
	at org.junit.runners.BlockJUnit4ClassRunner.runChild(BlockJUnit4ClassRunner.java:57)&#13;
	at org.junit.runners.ParentRunner$3.run(ParentRunner.java:290)&#13;
	at org.junit.runners.ParentRunner$1.schedule(ParentRunner.java:71)&#13;
	at org.junit.runners.ParentRunner.runChildren(ParentRunner.java:288)&#13;
	at org.junit.runners.ParentRunner.access$000(ParentRunner.java:58)&#13;
	at org.junit.runners.ParentRunner$2.evaluate(ParentRunner.java:268)&#13;
	at org.junit.runners.ParentRunner.run(ParentRunner.java:363)&#13;
	at org.eclipse.jdt.internal.junit4.runner.JUnit4TestReference.run(JUnit4TestReference.java:89)&#13;
	at org.eclipse.jdt.internal.junit.runner.TestExecution.run(TestExecution.java:41)&#13;
	at org.eclipse.jdt.internal.junit.runner.RemoteTestRunner.runTests(RemoteTestRunner.java:541)&#13;
	at org.eclipse.jdt.internal.junit.runner.RemoteTestRunner.runTests(RemoteTestRunner.java:763)&#13;
	at org.eclipse.jdt.internal.junit.runner.RemoteTestRunner.run(RemoteTestRunner.java:463)&#13;
	at org.eclipse.jdt.internal.junit.runner.RemoteTestRunner.main(RemoteTestRunner.java:209)&#13;
&#13;
</error>
    </testcase>
    <testcase name="CompletedSameBanks" classname="pt.ulisboa.tecnico.learnjava.sibs.sibs.TransferMethodTest_ProjectPart2_1_2_6_7" time="0.001">
      <error>java.lang.Error: Unresolved compilation problem: 
	The method getAge() is undefined for the type Client
&#13;
	at pt.ulisboa.tecnico.learnjava.bank/pt.ulisboa.tecnico.learnjava.bank.domain.Account.checkClientAge(Account.java:35)&#13;
	at pt.ulisboa.tecnico.learnjava.bank/pt.ulisboa.tecnico.learnjava.bank.domain.Account.&lt;init&gt;(Account.java:23)&#13;
	at pt.ulisboa.tecnico.learnjava.bank/pt.ulisboa.tecnico.learnjava.bank.domain.CheckingAccount.&lt;init&gt;(CheckingAccount.java:10)&#13;
	at pt.ulisboa.tecnico.learnjava.bank/pt.ulisboa.tecnico.learnjava.bank.domain.Bank.createAccount(Bank.java:78)&#13;
	at pt.ulisboa.tecnico.learnjava.sibs/pt.ulisboa.tecnico.learnjava.sibs.sibs.TransferMethodTest_ProjectPart2_1_2_6_7.CompletedSameBanks(TransferMethodTest_ProjectPart2_1_2_6_7.java:96)&#13;
	at java.base/jdk.internal.reflect.NativeMethodAccessorImpl.invoke0(Native Method)&#13;
	at java.base/jdk.internal.reflect.NativeMethodAccessorImpl.invoke(NativeMethodAccessorImpl.java:62)&#13;
	at java.base/jdk.internal.reflect.DelegatingMethodAccessorImpl.invoke(DelegatingMethodAccessorImpl.java:43)&#13;
	at java.base/java.lang.reflect.Method.invoke(Method.java:567)&#13;
	at org.junit.runners.model.FrameworkMethod$1.runReflectiveCall(FrameworkMethod.java:50)&#13;
	at org.junit.internal.runners.model.ReflectiveCallable.run(ReflectiveCallable.java:12)&#13;
	at org.junit.runners.model.FrameworkMethod.invokeExplosively(FrameworkMethod.java:47)&#13;
	at org.junit.internal.runners.statements.InvokeMethod.evaluate(InvokeMethod.java:17)&#13;
	at org.junit.internal.runners.statements.RunBefores.evaluate(RunBefores.java:26)&#13;
	at org.junit.internal.runners.statements.RunAfters.evaluate(RunAfters.java:27)&#13;
	at org.junit.runners.ParentRunner.runLeaf(ParentRunner.java:325)&#13;
	at org.junit.runners.BlockJUnit4ClassRunner.runChild(BlockJUnit4ClassRunner.java:78)&#13;
	at org.junit.runners.BlockJUnit4ClassRunner.runChild(BlockJUnit4ClassRunner.java:57)&#13;
	at org.junit.runners.ParentRunner$3.run(ParentRunner.java:290)&#13;
	at org.junit.runners.ParentRunner$1.schedule(ParentRunner.java:71)&#13;
	at org.junit.runners.ParentRunner.runChildren(ParentRunner.java:288)&#13;
	at org.junit.runners.ParentRunner.access$000(ParentRunner.java:58)&#13;
	at org.junit.runners.ParentRunner$2.evaluate(ParentRunner.java:268)&#13;
	at org.junit.runners.ParentRunner.run(ParentRunner.java:363)&#13;
	at org.eclipse.jdt.internal.junit4.runner.JUnit4TestReference.run(JUnit4TestReference.java:89)&#13;
	at org.eclipse.jdt.internal.junit.runner.TestExecution.run(TestExecution.java:41)&#13;
	at org.eclipse.jdt.internal.junit.runner.RemoteTestRunner.runTests(RemoteTestRunner.java:541)&#13;
	at org.eclipse.jdt.internal.junit.runner.RemoteTestRunner.runTests(RemoteTestRunner.java:763)&#13;
	at org.eclipse.jdt.internal.junit.runner.RemoteTestRunner.run(RemoteTestRunner.java:463)&#13;
	at org.eclipse.jdt.internal.junit.runner.RemoteTestRunner.main(RemoteTestRunner.java:209)&#13;
&#13;
</error>
    </testcase>
  </testsuite>
</testrun>
